SF:lib\app\modules\login\domain\errors\errors.dart
DA:6,2
DA:12,1
DA:18,1
DA:24,1
DA:30,0
LF:5
LH:4
end_of_record
SF:lib\app\modules\login\domain\usecases\get_logged_user.dart
DA:19,2
DA:22,1
DA:23,3
LF:3
LH:3
end_of_record
SF:lib\app\modules\login\domain\usecases\get_logged_user.g.dart
DA:9,3
DA:10,3
LF:2
LH:2
end_of_record
SF:lib\app\modules\login\infra\models\user_model.dart
DA:6,3
DA:7,3
DA:9,0
LF:3
LH:2
end_of_record
SF:lib\app\modules\login\infra\repositories\login_repository_impl.dart
DA:26,2
DA:29,1
DA:32,3
DA:34,1
DA:36,1
DA:37,1
DA:38,1
DA:41,1
DA:43,3
DA:48,0
DA:50,0
DA:52,0
DA:54,0
DA:55,0
DA:56,0
DA:58,0
DA:60,0
DA:61,0
DA:66,0
DA:68,0
DA:69,0
DA:71,0
LF:22
LH:9
end_of_record
SF:lib\app\modules\login\infra\repositories\login_repository_impl.g.dart
DA:9,3
DA:10,3
LF:2
LH:2
end_of_record
SF:lib\app\core\errors\messages.dart
DA:4,1
DA:5,0
DA:6,0
DA:7,1
DA:8,0
DA:9,0
DA:10,0
DA:11,1
DA:14,0
DA:16,0
LF:10
LH:3
end_of_record
SF:lib\app\modules\login\domain\entities\logged_user.dart
DA:7,3
DA:12,0
DA:13,0
LF:3
LH:1
end_of_record
SF:lib\app\modules\login\domain\entities\login_validator.dart
DA:8,3
DA:10,1
DA:11,6
DA:13,1
DA:18,1
DA:22,1
LF:6
LH:6
end_of_record
SF:lib\app\modules\login\domain\usecases\login_with_email.dart
DA:22,2
DA:25,1
DA:27,1
DA:28,3
DA:29,1
DA:30,3
DA:31,3
DA:32,1
DA:33,1
LF:9
LH:9
end_of_record
SF:lib\app\modules\login\domain\usecases\login_with_email.g.dart
DA:9,3
DA:10,3
LF:2
LH:2
end_of_record
SF:lib\app\modules\login\domain\usecases\logout.dart
DA:17,2
DA:20,1
DA:21,3
LF:3
LH:3
end_of_record
SF:lib\app\modules\login\domain\usecases\logout.g.dart
DA:9,3
DA:10,3
LF:2
LH:2
end_of_record
SF:lib\app\app_module.dart
DA:14,1
DA:15,1
DA:16,1
DA:17,1
DA:18,1
DA:19,1
DA:20,3
DA:23,0
DA:24,0
DA:25,0
DA:26,0
DA:27,0
DA:30,0
DA:31,0
LF:14
LH:7
end_of_record
SF:lib\app\modules\login\login_module.dart
DA:9,3
DA:10,1
DA:13,1
DA:14,1
DA:15,1
DA:16,1
DA:19,0
DA:20,0
DA:21,0
LF:9
LH:6
end_of_record
SF:lib\app\app_widget.dart
DA:6,0
DA:7,0
DA:11,0
DA:13,0
DA:16,0
DA:19,0
LF:6
LH:0
end_of_record
SF:lib\app\core\pages\splash_screen_page.dart
DA:7,0
DA:8,0
DA:11,0
DA:12,0
DA:13,0
DA:15,0
DA:16,0
DA:25,0
DA:27,0
DA:28,0
DA:29,0
DA:32,0
DA:37,0
DA:38,0
DA:39,0
DA:40,0
DA:41,0
DA:42,0
DA:43,0
DA:44,0
DA:46,0
DA:47,0
DA:48,0
DA:50,0
DA:51,0
DA:63,0
DA:64,0
DA:67,0
DA:71,0
DA:72,0
DA:74,0
DA:76,0
DA:78,0
DA:79,0
DA:80,0
DA:81,0
DA:82,0
DA:85,0
DA:88,0
DA:90,0
DA:91,0
LF:41
LH:0
end_of_record
SF:lib\app\core\stores\auth_store.dart
DA:18,0
DA:23,0
DA:24,0
DA:26,0
DA:27,0
DA:29,0
DA:30,0
DA:31,0
DA:33,0
DA:34,0
DA:39,0
DA:40,0
DA:41,0
DA:42,0
DA:43,0
DA:44,0
DA:45,0
LF:17
LH:0
end_of_record
SF:lib\app\core\stores\auth_store.g.dart
DA:9,3
DA:10,0
DA:24,0
DA:25,0
DA:26,0
DA:27,0
DA:31,0
DA:33,0
DA:34,0
DA:37,0
DA:39,0
DA:40,0
DA:46,0
DA:49,0
DA:51,0
DA:53,0
DA:57,0
DA:60,0
DA:61,0
DA:62,0
LF:20
LH:1
end_of_record
SF:lib\app\modules\home\home_module.dart
DA:7,0
DA:8,0
DA:9,0
DA:12,0
DA:13,0
DA:14,0
LF:6
LH:0
end_of_record
SF:lib\app\app_theme.dart
DA:4,0
LF:1
LH:0
end_of_record
SF:lib\app\modules\home\presentation\home_page.dart
DA:15,0
DA:16,0
DA:22,0
DA:24,0
DA:26,0
DA:27,0
DA:28,0
DA:29,0
DA:30,0
DA:31,0
DA:32,0
DA:33,0
DA:34,0
DA:37,0
DA:38,0
DA:40,0
DA:41,0
DA:42,0
DA:44,0
DA:47,0
DA:49,0
DA:52,0
DA:54,0
DA:55,0
LF:24
LH:0
end_of_record
SF:lib\app\modules\home\presentation\home_store.g.dart
DA:9,0
DA:24,0
DA:26,0
DA:29,0
LF:4
LH:0
end_of_record
SF:lib\app\modules\home\presentation\home_store.dart
DA:13,0
DA:16,0
DA:17,0
LF:3
LH:0
end_of_record
SF:lib\app\widgets\custom_sized_box.dart
DA:5,0
DA:7,0
LF:2
LH:0
end_of_record
SF:lib\app\widgets\enter_button.dart
DA:11,0
DA:12,0
DA:14,0
DA:16,0
DA:19,0
DA:20,0
DA:21,0
DA:22,0
DA:26,0
DA:30,0
DA:31,0
DA:32,0
DA:34,0
DA:36,0
DA:37,0
DA:38,0
LF:16
LH:0
end_of_record
SF:lib\app\widgets\image_with_shadow.dart
DA:10,0
DA:12,0
DA:14,0
DA:15,0
DA:16,0
DA:17,0
DA:19,0
DA:20,0
DA:24,0
DA:25,0
DA:29,0
DA:30,0
LF:12
LH:0
end_of_record
SF:lib\app\widgets\login_background.dart
DA:7,0
DA:9,0
DA:11,0
DA:12,0
DA:13,0
DA:14,0
DA:15,0
DA:16,0
DA:18,0
DA:19,0
DA:20,0
DA:21,0
LF:12
LH:0
end_of_record
SF:lib\app\modules\login\presentation\login_store.dart
DA:24,0
DA:25,0
DA:27,0
DA:28,0
DA:30,0
DA:31,0
DA:32,0
DA:33,0
DA:36,0
DA:38,0
DA:39,0
DA:40,0
DA:41,0
DA:42,0
DA:43,0
DA:44,0
DA:47,0
DA:48,0
DA:49,0
LF:19
LH:0
end_of_record
SF:lib\app\modules\login\presentation\login_store.g.dart
DA:9,3
DA:10,0
DA:24,0
DA:26,0
DA:27,0
DA:30,0
DA:32,0
DA:33,0
DA:39,0
DA:41,0
DA:42,0
DA:45,0
DA:47,0
DA:48,0
DA:54,0
DA:57,0
DA:59,0
DA:61,0
DA:65,0
DA:67,0
DA:70,0
DA:72,0
DA:76,0
DA:79,0
DA:80,0
DA:81,0
LF:26
LH:1
end_of_record
SF:lib\app\modules\login\presentation\login_page.dart
DA:20,0
DA:21,0
DA:27,0
DA:29,0
DA:30,0
DA:31,0
DA:32,0
DA:33,0
DA:34,0
DA:35,0
DA:36,0
DA:37,0
DA:39,0
DA:40,0
DA:41,0
DA:42,0
DA:43,0
DA:44,0
DA:45,0
DA:46,0
DA:49,0
DA:50,0
DA:52,0
DA:59,0
DA:60,0
LF:25
LH:0
end_of_record
SF:lib\app\widgets\login_error.dart
DA:8,0
DA:10,0
DA:12,0
DA:13,0
DA:14,0
DA:15,0
LF:6
LH:0
end_of_record
SF:lib\app\widgets\login_form.dart
DA:12,0
DA:13,0
DA:19,0
DA:21,0
DA:22,0
DA:24,0
DA:25,0
DA:26,0
DA:30,0
DA:35,0
DA:38,0
DA:41,0
DA:42,0
DA:46,0
DA:47,0
DA:49,0
DA:54,0
DA:55,0
LF:18
LH:0
end_of_record
SF:lib\app\widgets\custom_text_fields.dart
DA:12,0
DA:20,0
DA:22,0
DA:24,0
DA:25,0
DA:26,0
DA:27,0
DA:28,0
DA:31,0
DA:32,0
DA:37,0
DA:38,0
LF:12
LH:0
end_of_record
SF:lib\app\widgets\login_error_widget.dart
DA:7,0
DA:9,0
DA:10,0
DA:11,0
DA:12,0
DA:14,0
DA:15,0
DA:16,0
DA:20,0
DA:24,0
LF:10
LH:0
end_of_record
